============================= test session starts ==============================
platform linux -- Python 3.11.0rc1, pytest-8.3.4, pluggy-1.6.0
rootdir: /home/ubuntu/exper-tran
configfile: pyproject.toml
plugins: anyio-4.14.2
collected 66 items

tests/unit/attack/test_answer_mask.py ....                               [  6%]
tests/unit/attack/test_clip_target_index.py ....                         [ 12%]
tests/unit/attack/test_configured_target_label.py .                      [ 13%]
tests/unit/attack/test_generative_scores.py .                            [ 15%]
tests/unit/attack/test_linear_cka.py ......                              [ 24%]
tests/unit/attack/test_loss_sign.py ...                                  [ 28%]
tests/unit/attack/test_momentum_pgd.py .                                 [ 30%]
tests/unit/attack/test_projection.py .                                   [ 31%]
tests/unit/data/test_preprocessing.py ..                                 [ 34%]
tests/unit/domain/test_labels.py .....                                   [ 42%]
tests/unit/evaluation/test_metrics.py .                                  [ 43%]
tests/unit/evaluation/test_model_similarity.py .                         [ 45%]
tests/unit/evaluation/test_representation_metrics.py .                   [ 46%]
tests/unit/models/test_contrastive_outputs.py ..                         [ 50%]
tests/unit/models/test_masks.py ..                                       [ 53%]
tests/unit/models/test_pooling.py .                                      [ 54%]
tests/unit/models/test_tap_contracts.py .                                [ 56%]
tests/unit/prompts/test_parser.py ........                               [ 68%]
tests/integration/test_answer_masks_real_tokenizers.py ......            [ 77%]
tests/integration/test_finite_difference.py .                            [ 78%]
tests/integration/test_import_boundaries.py .                            [ 80%]
tests/integration/test_lambda_selection.py .                             [ 81%]
tests/integration/test_main_confirmation_disjoint.py ..                  [ 84%]
tests/integration/test_png_roundtrip.py .                                [ 86%]
tests/integration/test_proxy_visual_preprocessing.py ....                [ 92%]
tests/integration/test_qwen_visual_preprocessing.py .                    [ 93%]
tests/integration/test_reference_order.py ..                             [ 96%]
tests/integration/test_source_is_clean.py .                              [ 98%]
tests/integration/test_target_gradient_path.py .                         [100%]

=============================== warnings summary ===============================
.venv-primary-ml-cka/lib/python3.11/site-packages/pkg_resources/_vendor/pyparsing.py:87
  /home/ubuntu/exper-tran/.venv-primary-ml-cka/lib/python3.11/site-packages/pkg_resources/_vendor/pyparsing.py:87: DeprecationWarning: module 'sre_constants' is deprecated
    import sre_constants

-- Docs: https://docs.pytest.org/en/stable/how-to/capture-warnings.html
======================== 66 passed, 1 warning in 19.54s ========================
